2018-05-18 08:12:43  -> cmake
2018-05-18 08:12:43  -> libc-bin
2018-05-18 08:52:34  -> man-db
2018-05-18 08:52:34  -> ecm
2018-05-18 08:53:49  -> ecm
2018-05-18 08:53:51  -> man-db
2018-05-18 08:54:04  -> python3-dev
2018-05-18 08:54:04  -> python3.6-dev
2018-05-18 08:54:04  -> libpython3-dev
2018-05-18 08:54:04  -> libpython3.6-dev
2018-05-18 08:54:04  -> libexpat1-dev
2018-05-18 08:54:05  -> python3-crypto
2018-05-18 08:54:07  -> man-db
2018-05-18 08:54:19  -> extra-cmake-modules
2018-05-18 08:54:19  -> man-db
2018-05-18 08:54:46  -> libwayland-bin
2018-05-18 08:54:46  -> libopengl0
2018-05-18 08:54:46  -> qtbase5-dev-tools
2018-05-18 08:54:46  -> qt5-qmake-bin
2018-05-18 08:54:46  -> libxshmfence-dev
2018-05-18 08:54:46  -> libpthread-stubs0-dev
2018-05-18 08:54:46  -> libdrm-dev
2018-05-18 08:54:46  -> qt5-qmake
2018-05-18 08:54:46  -> libxdmcp-dev
2018-05-18 08:54:46  -> libc-bin
2018-05-18 08:54:53  -> man-db
2018-05-18 08:54:53  -> libwayland-dev
2018-05-18 08:54:53  -> libglvnd-core-dev
2018-05-18 08:54:53  -> libxau-dev
2018-05-18 08:54:53  -> libglvnd-dev
2018-05-18 08:54:53  -> libxcb1-dev
2018-05-18 08:54:53  -> libxcb-glx0-dev
2018-05-18 08:54:53  -> libx11-dev
2018-05-18 08:54:53  -> libxxf86vm-dev
2018-05-18 08:54:53  -> libxfixes-dev
2018-05-18 08:54:53  -> libxcb-sync-dev
2018-05-18 08:54:53  -> libx11-xcb-dev
2018-05-18 08:54:53  -> mesa-common-dev
2018-05-18 08:54:53  -> libxdamage-dev
2018-05-18 08:54:53  -> libxcb-dri2-0-dev
2018-05-18 08:54:53  -> libxcb-render0-dev
2018-05-18 08:54:53  -> libxcb-dri3-dev
2018-05-18 08:54:53  -> libxext-dev
2018-05-18 08:54:53  -> libxcb-shape0-dev
2018-05-18 08:54:53  -> libxcb-randr0-dev
2018-05-18 08:54:53  -> libxcb-xfixes0-dev
2018-05-18 08:54:53  -> libxcb-present-dev
2018-05-18 08:54:53  -> libgl1-mesa-dev
2018-05-18 08:54:53  -> libegl1-mesa-dev
2018-05-18 08:54:53  -> libglu1-mesa-dev
2018-05-18 08:54:53  -> libgles2-mesa-dev
2018-05-18 08:54:53  -> qtbase5-dev
2018-05-18 08:54:53  -> libqt5opengl5-dev
2018-05-18 09:05:21  -> desktop-file-utils
2018-05-18 09:05:22  -> man-db
2018-05-18 09:05:23  -> dbus
2018-05-18 09:06:11  -> qt5-qmltooling-plugins
2018-05-18 09:06:54  -> qml
2018-05-18 18:50:32  -> libapr1
2018-05-18 18:50:32  -> desktop-file-utils
2018-05-18 18:50:32  -> kdevelop52-libs
2018-05-18 18:50:32  -> libkf5dbusaddons-dev
2018-05-18 18:50:32  -> libclang1-6.0
2018-05-18 18:50:32  -> libkf5coreaddons-dev-bin
2018-05-18 18:50:32  -> libkf5coreaddons-dev
2018-05-18 18:50:32  -> libkf5windowsystem-dev
2018-05-18 18:50:32  -> libkf5package-dev
2018-05-18 18:50:32  -> libqt5scripttools5
2018-05-18 18:50:32  -> libc-bin
2018-05-18 18:50:32  -> libkomparediff2-5
2018-05-18 18:50:32  -> libaprutil1
2018-05-18 18:50:33  -> man-db
2018-05-18 18:50:35  -> shared-mime-info
2018-05-18 18:50:35  -> qtscript5-dev
2018-05-18 18:50:35  -> libkf5config-bin-dev
2018-05-18 18:50:35  -> kapptemplate
2018-05-18 18:50:35  -> libkf5config-dev
2018-05-18 18:50:35  -> libkasten3core3
2018-05-18 18:50:35  -> libserf-1-1
2018-05-18 18:50:35  -> libkf5i18n-dev
2018-05-18 18:50:35  -> libokteta2core2
2018-05-18 18:50:35  -> libsvn1
2018-05-18 18:50:35  -> libokteta2gui2
2018-05-18 18:50:35  -> libkf5service-dev
2018-05-18 18:50:35  -> libkf5plasma-dev
2018-05-18 18:50:35  -> libkasten3okteta1core1
2018-05-18 18:50:35  -> libkasten3gui3
2018-05-18 18:50:35  -> libkasten3okteta1gui1
2018-05-18 18:50:35  -> libkasten3okteta1controllers1
2018-05-18 18:50:35  -> libkasten3controllers3
2018-05-18 18:50:35  -> kdevelop
2018-05-18 18:50:35  -> plasma-kdevelop
2018-05-18 18:50:35  -> libc-bin
2018-05-18 18:51:04  -> libkf5itemviews-dev
2018-05-18 18:51:04  -> libtinyxml2-6
2018-05-18 18:51:04  -> libheaptrack
2018-05-18 18:51:05  -> install-info
2018-05-18 18:51:05  -> libkf5codecs-dev
2018-05-18 18:51:05  -> libkf5solid-dev
2018-05-18 18:51:05  -> cvs
2018-05-18 18:51:05  -> libkf5globalaccel-dev
2018-05-18 18:51:05  -> libkf5attica-dev
2018-05-18 18:51:05  -> libc-bin
2018-05-18 18:51:05  -> libkf5sonnet-dev-bin
2018-05-18 18:51:05  -> libkf5guiaddons-dev
2018-05-18 18:51:06  -> man-db
2018-05-18 18:51:06  -> libboost-program-options1.65.1
2018-05-18 18:51:06  -> libkf5widgetsaddons-dev
2018-05-18 18:51:06  -> ninja-build
2018-05-18 18:51:06  -> libkf5auth-bin-dev
2018-05-18 18:51:06  -> libkf5sonnet-dev
2018-05-18 18:51:07  -> libkf5auth-dev
2018-05-18 18:51:07  -> cppcheck
2018-05-18 18:51:07  -> libkf5completion-dev
2018-05-18 18:51:07  -> libkf5configwidgets-dev
2018-05-18 18:51:07  -> libkf5iconthemes-dev
2018-05-18 18:51:07  -> heaptrack
2018-05-18 18:51:07  -> libkf5textwidgets-dev
2018-05-18 18:51:07  -> libkf5jobwidgets-dev
2018-05-18 18:51:07  -> libkf5xmlgui-dev
2018-05-18 18:51:07  -> libkf5bookmarks-dev
2018-05-18 18:51:07  -> libkf5kio-dev
2018-05-18 18:51:07  -> libc-bin
2018-05-18 23:19:18  -> qt5-default
2018-05-18 23:22:59  -> qt5-qmake-bin
2018-05-18 23:23:01  -> man-db
2018-05-18 23:26:22  -> qtchooser
2018-05-18 23:26:24  -> man-db
2018-05-18 23:28:40  -> libapt-pkg-perl
2018-05-18 23:28:42  -> man-db
2018-05-18 23:28:42  -> liblist-moreutils-perl
2018-05-18 23:32:58  -> libqt5quickparticles5
2018-05-18 23:32:58  -> libqt5quicktest5
2018-05-18 23:32:58  -> libc-bin
2018-05-18 23:32:58  -> qtdeclarative5-dev
2018-05-19 00:38:04  -> libqt5svg5-dev
2018-05-19 00:42:56  -> libkimproxy4
2018-05-19 00:42:56  -> libkrossui4
2018-05-19 00:42:56  -> libknewstuff2-4
2018-05-19 00:42:56  -> qt4-qmake
2018-05-19 00:42:56  -> libqt4-help
2018-05-19 00:42:56  -> libkunitconversion4
2018-05-19 00:42:56  -> libqt4-dev-bin
2018-05-19 00:42:56  -> libkidletime4
2018-05-19 00:42:56  -> libkprintutils4
2018-05-19 00:42:56  -> libc-bin
2018-05-19 00:42:58  -> man-db
2018-05-19 00:42:58  -> libqt4-test
2018-05-19 00:42:58  -> qt4-linguist-tools
2018-05-19 00:42:58  -> libkutils4
2018-05-19 00:42:58  -> libqt4-dev
2018-05-19 00:42:58  -> libqt4-opengl-dev
2018-05-19 00:42:58  -> automoc
2018-05-19 00:42:58  -> libphonon-dev
2018-05-19 00:42:58  -> kdelibs5-dev
2018-05-19 00:42:58  -> libc-bin
2018-05-19 00:44:34  -> libprison0
2018-05-19 00:44:34  -> libkcalcore4
2018-05-19 00:44:34  -> libkmime4
2018-05-19 00:44:34  -> libakonadiprotocolinternals1
2018-05-19 00:44:34  -> libkpimtextedit4
2018-05-19 00:44:34  -> libkresources4
2018-05-19 00:44:34  -> libqgpgme1
2018-05-19 00:44:34  -> libakonadi-kde4
2018-05-19 00:44:34  -> libkmbox4
2018-05-19 00:44:34  -> libakonadi-xml4
2018-05-19 00:44:34  -> libakonadi-socialutils4
2018-05-19 00:44:34  -> libkldap4
2018-05-19 00:44:34  -> libkholidays4
2018-05-19 00:44:34  -> libkontactinterface4a
2018-05-19 00:44:34  -> libc-bin
2018-05-19 00:44:34  -> libsyndication4
2018-05-19 00:44:36  -> shared-mime-info
2018-05-19 00:44:36  -> libakonadi-kabc4
2018-05-19 00:44:36  -> libkimap4
2018-05-19 00:44:36  -> libakonadi-kmime4
2018-05-19 00:44:36  -> libakonadi-notes4
2018-05-19 00:44:36  -> libkpimutils4
2018-05-19 00:44:36  -> libkabc4
2018-05-19 00:44:36  -> libmicroblog4
2018-05-19 00:44:36  -> libakonadi-contact4
2018-05-19 00:44:36  -> libmailtransport4
2018-05-19 00:44:36  -> libkpimidentities4
2018-05-19 00:44:36  -> libkcal4
2018-05-19 00:44:36  -> libkalarmcal2
2018-05-19 00:44:36  -> libkcalutils4
2018-05-19 00:44:36  -> libakonadi-kcal4
2018-05-19 00:44:36  -> libkblog4
2018-05-19 00:44:36  -> libktnef4
2018-05-19 00:44:36  -> libakonadi-calendar4
2018-05-19 00:44:36  -> kdepimlibs5-dev
2018-05-19 00:44:36  -> libc-bin
2018-05-19 09:45:05  -> libqt5webkit5-dev
2018-05-19 09:45:05  -> libkf5notifications-dev
2018-05-19 09:45:06  -> libglib2.0-dev-bin
2018-05-19 09:45:06  -> libssl-dev
2018-05-19 09:45:06  -> libkf5idletime-dev
2018-05-19 09:45:06  -> libglib2.0-0
2018-05-19 09:45:06  -> libkf5unitconversion-dev
2018-05-19 09:45:06  -> libicu-le-hb0
2018-05-19 09:45:06  -> libkf5dnssd-dev
2018-05-19 09:45:06  -> libkf5crash-dev
2018-05-19 09:45:06  -> libkf5itemmodels-dev
2018-05-19 09:45:06  -> libkf5style-dev
2018-05-19 09:45:06  -> kio-dev
2018-05-19 09:45:06  -> libc-bin
2018-05-19 09:45:06  -> gir1.2-harfbuzz-0.0
2018-05-19 09:45:06  -> libiculx60
2018-05-19 09:45:06  -> libkf5notifyconfig-dev
2018-05-19 09:45:06  -> kinit-dev
2018-05-19 09:45:06  -> libkf5parts-dev
2018-05-19 09:45:06  -> libkf5wallet-dev
2018-05-19 09:45:06  -> libkf5webkit-dev
2018-05-19 09:45:06  -> libkf5kcmutils-dev
2018-05-19 09:45:16  -> man-db
2018-05-19 09:45:16  -> libpcrecpp0v5
2018-05-19 09:45:16  -> libpcre32-3
2018-05-19 09:45:16  -> icu-devtools
2018-05-19 09:45:16  -> libpcre16-3
2018-05-19 09:45:16  -> libkf5archive-dev
2018-05-19 09:45:16  -> libkf5threadweaver-dev
2018-05-19 09:45:16  -> libgraphite2-dev
2018-05-19 09:45:16  -> libharfbuzz-gobject0
2018-05-19 09:45:16  -> libkf5pty-dev
2018-05-19 09:45:16  -> kross-dev
2018-05-19 09:45:16  -> libkf5doctools-dev
2018-05-19 09:45:16  -> zlib1g-dev
2018-05-19 09:45:16  -> libkf5plotting-dev
2018-05-19 09:45:16  -> libkf5newstuff-dev
2018-05-19 09:45:16  -> libpcre3-dev
2018-05-19 09:45:16  -> libkf5emoticons-dev
2018-05-19 09:45:16  -> libglib2.0-dev
2018-05-19 09:45:16  -> libkf5kjs-dev
2018-05-19 09:45:16  -> libkf5su-dev
2018-05-19 09:45:16  -> libkf5mediaplayer5
2018-05-19 09:45:16  -> kgendesignerplugin
2018-05-19 09:45:16  -> libkf5mediaplayer-dev
2018-05-19 09:45:16  -> libkf5khtml-dev
2018-05-19 09:45:16  -> libkf5kdelibs4support-dev
2018-05-19 09:45:16  -> libharfbuzz-dev
2018-05-19 09:45:16  -> libicu-le-hb-dev
2018-05-19 09:45:16  -> libicu-dev
2018-05-19 09:45:16  -> libical2-dev
2018-05-19 09:45:16  -> libkf5calendarcore-dev
2018-05-19 09:45:16  -> libc-bin
2018-05-19 16:23:23  -> qmlscene
2018-05-19 16:23:23  -> qtdeclarative5-dev-tools
2018-05-19 16:23:24  -> binfmt-support
2018-05-19 16:23:24  -> libobjc4
2018-05-19 16:23:24  -> ureadahead
2018-05-19 16:23:24  -> libomp5
2018-05-19 16:23:24  -> desktop-file-utils
2018-05-19 16:23:24  -> install-info
2018-05-19 16:23:24  -> libqt5designercomponents5
2018-05-19 16:23:24  -> libtinfo-dev
2018-05-19 16:23:24  -> libffi-dev
2018-05-19 16:23:24  -> libtspi1
2018-05-19 16:23:24  -> llvm-6.0-runtime
2018-05-19 16:23:24  -> libobjc-7-dev
2018-05-19 16:23:24  -> libc-bin
2018-05-19 16:23:24  -> llvm-6.0
2018-05-19 16:23:25  -> systemd
2018-05-19 16:23:25  -> libomp-dev
2018-05-19 16:23:25  -> qtxmlpatterns5-dev-tools
2018-05-19 16:23:28  -> man-db
2018-05-19 16:23:29  -> shared-mime-info
2018-05-19 16:23:29  -> lib32stdc++6
2018-05-19 16:23:29  -> libbotan-2-4
2018-05-19 16:23:29  -> qt5-assistant
2018-05-19 16:23:29  -> libclang-common-6.0-dev
2018-05-19 16:23:29  -> libqbscore1.10
2018-05-19 16:23:29  -> llvm-6.0-dev
2018-05-19 16:23:29  -> clang-6.0
2018-05-19 16:23:29  -> qttools5-dev-tools
2018-05-19 16:23:29  -> libqbsqtprofilesetup1.10
2018-05-19 16:23:29  -> qtcreator
2018-05-19 16:23:30  -> clang
2018-05-19 16:23:30  -> libc-bin
